<?xml version="1.0" encoding="UTF-8"?>
<!-- Generated by org.testng.reporters.JUnitXMLReporter -->
<testsuite ignored="0" hostname="DESKTOP-VRBAL0D" failures="0" tests="4" name="Default test" time="0.087" errors="0" timestamp="2022-09-22T00:34:38 IST">
  <testcase classname="testcases.MultiThreadedTC" name="TC1" time="0.032"/>
  <testcase classname="testcases.MultiThreadedTC" name="TC2" time="0.002"/>
  <testcase classname="testcases.MultiThreadedTC" name="TC3" time="0.001"/>
  <testcase classname="testcases.MultiThreadedTC" name="TC4" time="0.001"/>
</testsuite> <!-- Default test -->
