<?xml version="1.0" encoding="UTF-8"?>
<!-- Generated by org.testng.reporters.JUnitXMLReporter -->
<testsuite ignored="0" hostname="DESKTOP-VRBAL0D" failures="0" tests="4" name="Test" time="0.111" errors="0" timestamp="2022-09-22T00:34:48 IST">
  <testcase classname="testcases.MultiThreadedTC" name="TC2" time="0.052"/>
  <testcase classname="testcases.MultiThreadedTC" name="TC3" time="0.059"/>
  <testcase classname="testcases.MultiThreadedTC" name="TC4" time="0.06"/>
  <testcase classname="testcases.MultiThreadedTC" name="TC1" time="0.059"/>
</testsuite> <!-- Test -->
