<?xml version="1.0" encoding="UTF-8"?>
<!-- Generated by org.testng.reporters.JUnitXMLReporter -->
<testsuite ignored="16" hostname="DESKTOP-VRBAL0D" failures="0" tests="3" name="Common" time="2.081" errors="0" timestamp="2022-09-22T00:13:16 IST">
  <testcase classname="testcases.MultiThreadedTC" name="TC3" time="0.023"/>
  <testcase classname="testcases.MultiThreadedTC" name="TC1" time="2.019"/>
  <testcase classname="testcases.MultiThreadedTC" name="TC2" time="2.019"/>
  <testcase classname="testcases.TestNGBasicAnnotations" name="abcTC" time="0.0">
    <ignored/>
  </testcase> <!-- abcTC -->
  <testcase classname="testcases.ParametrizedTC" name="loginTest" time="0.0">
    <ignored/>
  </testcase> <!-- loginTest -->
  <testcase classname="testcases.AssertionsDemo" name="validateCreateNewAccountButtonPresent" time="0.0">
    <ignored/>
  </testcase> <!-- validateCreateNewAccountButtonPresent -->
  <testcase classname="testcases.TestNGBasicAnnotations" name="validateTitleTC" time="0.0">
    <ignored/>
  </testcase> <!-- validateTitleTC -->
  <testcase classname="testcases.InvocationDemo" name="loginTC" time="0.0">
    <ignored/>
  </testcase> <!-- loginTC -->
  <testcase classname="testcases.DependsOnDemo" name="validateLogo" time="0.0">
    <ignored/>
  </testcase> <!-- validateLogo -->
  <testcase classname="testcases.TestNGBasicAnnotations" name="loginTest" time="0.0">
    <ignored/>
  </testcase> <!-- loginTest -->
  <testcase classname="testcases.TestNGBasicAnnotations" name="zebraTC" time="0.0">
    <ignored/>
  </testcase> <!-- zebraTC -->
  <testcase classname="testcases.TestNGDataProvider" name="validateLoginTest" time="0.0">
    <ignored/>
  </testcase> <!-- validateLoginTest -->
  <testcase classname="testcases.DependsOnDemo" name="validateCreateUserTC" time="0.0">
    <ignored/>
  </testcase> <!-- validateCreateUserTC -->
  <testcase classname="testcases.TestNGBasicAnnotations" name="ValidateLogo" time="0.0">
    <ignored/>
  </testcase> <!-- ValidateLogo -->
  <testcase classname="testcases.DependsOnDemo" name="validateEditUserTC" time="0.0">
    <ignored/>
  </testcase> <!-- validateEditUserTC -->
  <testcase classname="testcases.AssertionsDemo" name="validateTitle" time="0.0">
    <ignored/>
  </testcase> <!-- validateTitle -->
  <testcase classname="testcases.TestNGBasicAnnotations" name="AppleTest" time="0.0">
    <ignored/>
  </testcase> <!-- AppleTest -->
  <testcase classname="testcases.DependsOnDemo" name="validateDeleteUserTC" time="0.0">
    <ignored/>
  </testcase> <!-- validateDeleteUserTC -->
  <testcase classname="testcases.DependsOnDemo" name="loginTC" time="0.0">
    <ignored/>
  </testcase> <!-- loginTC -->
</testsuite> <!-- Common -->
