<?xml version="1.0" encoding="UTF-8"?>
<!-- Generated by org.testng.reporters.JUnitXMLReporter -->
<testsuite ignored="14" hostname="DESKTOP-VRBAL0D" failures="0" tests="1" name="Common" time="6.213" errors="0" timestamp="2022-09-21T02:02:00 IST">
  <testcase classname="testcases.ParametrizedTC" name="loginTest" time="6.151"/>
  <testcase classname="testcases.TestNGBasicAnnotations" name="abcTC" time="0.0">
    <ignored/>
  </testcase> <!-- abcTC -->
  <testcase classname="testcases.AssertionsDemo" name="validateCreateNewAccountButtonPresent" time="0.0">
    <ignored/>
  </testcase> <!-- validateCreateNewAccountButtonPresent -->
  <testcase classname="testcases.TestNGBasicAnnotations" name="validateTitleTC" time="0.0">
    <ignored/>
  </testcase> <!-- validateTitleTC -->
  <testcase classname="testcases.InvocationDemo" name="loginTC" time="0.0">
    <ignored/>
  </testcase> <!-- loginTC -->
  <testcase classname="testcases.DependsOnDemo" name="validateLogo" time="0.0">
    <ignored/>
  </testcase> <!-- validateLogo -->
  <testcase classname="testcases.TestNGBasicAnnotations" name="loginTest" time="0.0">
    <ignored/>
  </testcase> <!-- loginTest -->
  <testcase classname="testcases.TestNGBasicAnnotations" name="zebraTC" time="0.0">
    <ignored/>
  </testcase> <!-- zebraTC -->
  <testcase classname="testcases.DependsOnDemo" name="validateCreateUserTC" time="0.0">
    <ignored/>
  </testcase> <!-- validateCreateUserTC -->
  <testcase classname="testcases.TestNGBasicAnnotations" name="ValidateLogo" time="0.0">
    <ignored/>
  </testcase> <!-- ValidateLogo -->
  <testcase classname="testcases.DependsOnDemo" name="validateEditUserTC" time="0.0">
    <ignored/>
  </testcase> <!-- validateEditUserTC -->
  <testcase classname="testcases.AssertionsDemo" name="validateTitle" time="0.0">
    <ignored/>
  </testcase> <!-- validateTitle -->
  <testcase classname="testcases.TestNGBasicAnnotations" name="AppleTest" time="0.0">
    <ignored/>
  </testcase> <!-- AppleTest -->
  <testcase classname="testcases.DependsOnDemo" name="validateDeleteUserTC" time="0.0">
    <ignored/>
  </testcase> <!-- validateDeleteUserTC -->
  <testcase classname="testcases.DependsOnDemo" name="loginTC" time="0.0">
    <ignored/>
  </testcase> <!-- loginTC -->
</testsuite> <!-- Common -->
