<?xml version="1.0" encoding="UTF-8"?>
<!-- Generated by org.testng.reporters.JUnitXMLReporter -->
<testsuite ignored="3" hostname="DESKTOP-VRBAL0D" failures="0" tests="0" time="0.001" errors="0" timestamp="2022-09-22T00:13:16 IST">
  <testcase classname="mobileTC.MobileLogin" name="mobilem1" time="0.0">
    <ignored/>
  </testcase> <!-- mobilem1 -->
  <testcase classname="mobileTC.MobileLogin" name="mobilem2" time="0.0">
    <ignored/>
  </testcase> <!-- mobilem2 -->
  <testcase classname="mobileTC.MobileLogin" name="mobilem3" time="0.0">
    <ignored/>
  </testcase> <!-- mobilem3 -->
</testsuite>
