<?xml version="1.0" encoding="UTF-8"?>
<!-- Generated by org.testng.reporters.JUnitXMLReporter -->
<testsuite ignored="3" hostname="DESKTOP-VRBAL0D" failures="0" tests="0" time="0.002" errors="0" timestamp="2022-09-21T02:02:00 IST">
  <testcase classname="webTC.WebLogin" name="webm2" time="0.0">
    <ignored/>
  </testcase> <!-- webm2 -->
  <testcase classname="webTC.WebLogin" name="webm3" time="0.0">
    <ignored/>
  </testcase> <!-- webm3 -->
  <testcase classname="webTC.WebLogin" name="webm1" time="0.0">
    <ignored/>
  </testcase> <!-- webm1 -->
</testsuite>
