<?xml version="1.0" encoding="UTF-8"?>
<testng-results ignored="20" total="21" passed="1" failed="0" skipped="0">
  <reporter-output>
  </reporter-output>
  <suite started-at="2022-09-21T02:01:54 IST" name="HexawareApplicationTest" finished-at="2022-09-21T02:02:00 IST" duration-ms="6249">
    <groups>
      <group name="parameters">
        <method signature="ParametrizedTC.loginTest(java.lang.String,java.lang.String,java.lang.String)[pri:0, instance:testcases.ParametrizedTC@1c7696c6]" name="loginTest" class="testcases.ParametrizedTC"/>
      </group> <!-- parameters -->
    </groups>
    <test started-at="2022-09-21T02:01:54 IST" name="Common" finished-at="2022-09-21T02:02:00 IST" duration-ms="6213">
      <class name="testcases.ParametrizedTC">
        <test-method signature="loginTest(java.lang.String,java.lang.String,java.lang.String)[pri:0, instance:testcases.ParametrizedTC@1c7696c6]" started-at="2022-09-21T02:01:54 IST" name="loginTest" finished-at="2022-09-21T02:02:00 IST" duration-ms="6151" status="PASS">
          <params>
            <param index="0">
              <value>
                <![CDATA[admin]]>
              </value>
            </param>
            <param index="1">
              <value>
                <![CDATA[admin@123]]>
              </value>
            </param>
            <param index="2">
              <value>
                <![CDATA[Chrome]]>
              </value>
            </param>
          </params>
          <reporter-output>
          </reporter-output>
        </test-method> <!-- loginTest -->
      </class> <!-- testcases.ParametrizedTC -->
    </test> <!-- Common -->
    <test started-at="2022-09-21T02:02:00 IST" name="MobileTesting" finished-at="2022-09-21T02:02:00 IST" duration-ms="3">
    </test> <!-- MobileTesting -->
    <test started-at="2022-09-21T02:02:00 IST" name="WebTesting" finished-at="2022-09-21T02:02:00 IST" duration-ms="2">
    </test> <!-- WebTesting -->
  </suite> <!-- HexawareApplicationTest -->
</testng-results>
